<?xml version="1.0" encoding="UTF-8"?>
<testsuites>
  <testsuite name="CodeIgniter Application Test Suite" tests="3" assertions="3" errors="0" failures="1" skipped="0" time="0.016847">
    <testsuite name="Welcome_test" file="/home/vagrant/swift/application/tests/controllers/Welcome_test.php" tests="3" assertions="3" errors="0" failures="1" skipped="0" time="0.016847">
      <testcase name="test_index" class="Welcome_test" classname="Welcome_test" file="/home/vagrant/swift/application/tests/controllers/Welcome_test.php" line="13" assertions="1" time="0.009034">
        <failure type="PHPUnit\Framework\ExpectationFailedException">Welcome_test::test_index
Failed asserting that '&lt;!DOCTYPE html&gt;\n
&lt;html lang="en"&gt;\n
&lt;head&gt;\n
	&lt;meta charset="utf-8"&gt;\n
	&lt;title&gt;Hello Swift&lt;/title&gt;\n
	&lt;link rel="stylesheet" type="text/css" href="http://localhost/css/bootstrap.min.css"&gt;\n
	&lt;link rel="stylesheet" type="text/css" href="http://localhost/css/jquery-ui.min.css"&gt;\n
	&lt;link rel="stylesheet" type="text/css" href="http://localhost/css/styles.css"&gt;\n
	&lt;script type="text/javascript" src="http://localhost/js/jquery.min.js"&gt;&lt;/script&gt;\n
	&lt;script type="text/javascript" src="http://localhost/js/jquery-ui.min.js"&gt;&lt;/script&gt;\n
	&lt;script type="text/javascript" src="http://localhost/js/jquery-ui.theme.min.js"&gt;&lt;/script&gt;\n
	&lt;script type="text/javascript" src="http://localhost/js/bootstrap.min.js"&gt;&lt;/script&gt;\n
	&lt;script type="text/javascript" src="http://localhost/js/script.js"&gt;&lt;/script&gt;\n
&lt;/head&gt;\n
&lt;body&gt;\n
&lt;div id="header"&gt;\n
	\n
&lt;/div&gt;\n
&lt;div class="container"&gt;\n
	&lt;div class="row"&gt;\n
		&lt;p&gt;Please fill the following form to book a  ticket&lt;/p&gt;\n
	&lt;/div&gt;\n
	&lt;div class="row"&gt;\n
	&lt;form action="/welcome/book" method="POST"&gt;\n
	  &lt;div class="form-group"&gt;\n
		&lt;label for="exampleInputEmail1"&gt;Email address&lt;/label&gt;\n
		&lt;input type="email" name="email" class="form-control" id="exampleInputEmail1" aria-describedby="emailHelp" placeholder="Enter email"&gt;\n
	  &lt;/div&gt;\n
	  &lt;div class="form-group"&gt;\n
		&lt;label for="passengers"&gt;Number of passengers&lt;/label&gt;\n
		&lt;select class="form-control" name="passengers" id="passengers"&gt;\n
		  &lt;option&gt;1&lt;/option&gt;\n
		  &lt;option&gt;2&lt;/option&gt;\n
		  &lt;option&gt;3&lt;/option&gt;\n
		  &lt;option&gt;4&lt;/option&gt;\n
		&lt;/select&gt;\n
	  &lt;/div&gt;\n
	  &lt;div class="form-group"&gt;\n
	  	&lt;label for="departure"&gt;Departure date&lt;/label&gt;\n
	  	&lt;input type="text" id="datepicker" name="departure"&gt;\n
	  &lt;/div&gt;\n
	  &lt;button type="submit" class="btn btn-primary"&gt;Submit&lt;/button&gt;\n
&lt;/form&gt;\n
	&lt;/div&gt;\n
&lt;/div&gt;\n
\n
&lt;/body&gt;\n
&lt;/html&gt;\n
' contains "&lt;title&gt;Welcome Swift&lt;/title&gt;".

/home/vagrant/swift/application/tests/controllers/Welcome_test.php:16
</failure>
      </testcase>
      <testcase name="test_method_404" class="Welcome_test" classname="Welcome_test" file="/home/vagrant/swift/application/tests/controllers/Welcome_test.php" line="19" assertions="1" time="0.006826"/>
      <testcase name="test_APPPATH" class="Welcome_test" classname="Welcome_test" file="/home/vagrant/swift/application/tests/controllers/Welcome_test.php" line="25" assertions="1" time="0.000987"/>
    </testsuite>
  </testsuite>
</testsuites>
